 0.165684 0.449611 0.494884 0.503507 0.461934 0.379209 0.309239 0.234785 0.177731 0.0155634
 0.152366 0.413471 0.455104 0.463034 0.424802 0.348727 0.284382 0.215913 0.163444 0.0143123
 0.182419 0.495024 0.54487 0.554364 0.508591 0.417511 0.340474 0.2585 0.195682 0.0171353
 0.15639 0.424389 0.467122 0.475261 0.43602 0.357936 0.291891 0.221614 0.16776 0.0146903
 0.173469 0.470736 0.518136 0.527164 0.483637 0.397026 0.323769 0.245817 0.186081 0.0162946
 0.161569 0.438443 0.482591 0.491 0.450459 0.369789 0.301557 0.228953 0.173316 0.0151768
 0.156532 0.424775 0.467547 0.475693 0.436416 0.358261 0.292157 0.221816 0.167913 0.0147036
 0.167629 0.454888 0.500693 0.509416 0.467355 0.38366 0.312869 0.237541 0.179817 0.015746
 0.16649 0.451797 0.49729 0.505955 0.464179 0.381052 0.310742 0.235927 0.178595 0.015639
 0.158393 0.429825 0.473106 0.481349 0.441605 0.362521 0.29563 0.224453 0.169909 0.0148785
 0.184253 0.5 0.550347 0.559936 0.513703 0.421707 0.343896 0.261098 0.197649 0.0173076
 0.14334 0.388976 0.428144 0.435604 0.399637 0.328069 0.267535 0.203122 0.153762 0.0134645
 0.167324 0.454062 0.499783 0.508491 0.466506 0.382963 0.3123 0.237109 0.17949 0.0157174
 0.162403 0.440708 0.485084 0.493536 0.452786 0.371699 0.303115 0.230136 0.174211 0.0152552
 0.171821 0.466264 0.513214 0.522156 0.479042 0.393254 0.320693 0.243481 0.184313 0.0161398
 0.189204 0.513437 0.565136 0.574983 0.527508 0.43304 0.353138 0.268115 0.202961 0.0177727
 0.168214 0.456476 0.502441 0.511195 0.468987 0.384999 0.313961 0.23837 0.180444 0.015801
 0.176706 0.47952 0.527804 0.537001 0.492662 0.404434 0.32981 0.250403 0.189553 0.0165986
 0.168061 0.456062 0.501984 0.51073 0.46856 0.384649 0.313676 0.238154 0.18028 0.0157866
 0.179051 0.485883 0.534809 0.544127 0.499199 0.409801 0.334187 0.253726 0.192069 0.0168189
 0.160568 0.435727 0.479602 0.487959 0.447669 0.367499 0.29969 0.227535 0.172242 0.0150828
 0.182033 0.493975 0.543715 0.553189 0.507513 0.416626 0.339752 0.257952 0.195268 0.017099
 0.174841 0.47446 0.522235 0.531335 0.487463 0.400167 0.32633 0.247761 0.187553 0.0164235
 0.156769 0.425419 0.468256 0.476415 0.437078 0.358805 0.2926 0.222152 0.168167 0.0147259
 0.164958 0.44764 0.492714 0.501299 0.459908 0.377546 0.307883 0.233756 0.176951 0.0154951
 0.18498 0.501974 0.552519 0.562146 0.515731 0.423372 0.345254 0.262129 0.19843 0.0173759
 0.182807 0.496076 0.546027 0.555541 0.509671 0.418398 0.341197 0.259049 0.196098 0.0171717
 0.180495 0.489801 0.539121 0.548514 0.503225 0.413106 0.336881 0.255772 0.193618 0.0169545
 0.164559 0.446556 0.491521 0.500085 0.458794 0.376632 0.307138 0.23319 0.176523 0.0154576
 0.187208 0.508019 0.559173 0.568916 0.521942 0.428471 0.349411 0.265286 0.200819 0.0175852
 0.166288 0.45125 0.496688 0.505342 0.463617 0.380591 0.310366 0.235641 0.178378 0.0156201
 0.170679 0.463165 0.509803 0.518686 0.475859 0.390641 0.318561 0.241863 0.183089 0.0160325
 0.195856 0.531485 0.585003 0.595195 0.546051 0.448263 0.365551 0.27754 0.210095 0.0183974
 0.193349 0.524684 0.577516 0.587578 0.539063 0.442526 0.360873 0.273988 0.207407 0.018162
 0.181235 0.491809 0.541331 0.550763 0.505288 0.414799 0.338263 0.256821 0.194412 0.0170241
 0.190932 0.518126 0.570298 0.580234 0.532326 0.436995 0.356363 0.270563 0.204814 0.017935
 0.178104 0.483313 0.53198 0.541249 0.496559 0.407634 0.332419 0.252384 0.191053 0.01673
 0.191077 0.518519 0.57073 0.580674 0.532729 0.437326 0.356633 0.270769 0.20497 0.0179486
 0.17024 0.461974 0.508492 0.517351 0.474635 0.389636 0.317742 0.241241 0.182618 0.0159913
 0.165484 0.449067 0.494285 0.502897 0.461374 0.37875 0.308865 0.234501 0.177515 0.0155445
 0.166843 0.452756 0.498346 0.507029 0.465165 0.381862 0.311402 0.236428 0.178974 0.0156722
 0.156888 0.425741 0.468611 0.476776 0.437409 0.359077 0.292822 0.222321 0.168295 0.0147371
 0.18389 0.499016 0.549264 0.558834 0.512692 0.420878 0.343219 0.260584 0.19726 0.0172735
 0.178239 0.48368 0.532383 0.541659 0.496935 0.407943 0.332671 0.252576 0.191198 0.0167426
 0.16571 0.44968 0.494959 0.503583 0.462004 0.379267 0.309286 0.234821 0.177758 0.0155657
 0.173206 0.470024 0.517352 0.526366 0.482905 0.396425 0.323278 0.245445 0.1858 0.0162699
 0.174048 0.472308 0.519867 0.528925 0.485252 0.398352 0.32485 0.246638 0.186703 0.016349
 0.178158 0.48346 0.532141 0.541413 0.496709 0.407757 0.33252 0.252461 0.191111 0.016735
 0.163539 0.44379 0.488477 0.496988 0.455953 0.374299 0.305235 0.231746 0.17543 0.0153619
 0.163589 0.443925 0.488625 0.497139 0.456091 0.374413 0.305328 0.231816 0.175483 0.0153665
 0.176519 0.479011 0.527245 0.536431 0.492139 0.404005 0.32946 0.250138 0.189353 0.0165811
 0.159477 0.432766 0.476343 0.484643 0.444627 0.365001 0.297653 0.225989 0.171072 0.0149803
