 -0.336893 -0.801823 -1.36596 -2.05135 -2.76175 -3.3505 -3.74244 -3.99577 -3.99577 -3.99577
 -0.310081 -0.77501 -1.33915 -2.02454 -2.73493 -3.32369 -3.71563 -3.96896 -3.96896 -3.96896
 -0.283268 -0.748197 -1.31233 -1.99772 -2.70812 -3.29688 -3.68882 -3.94215 -3.94215 -3.94215
 -0.256455 -0.721384 -1.28552 -1.97091 -2.68131 -3.27006 -3.66201 -3.91533 -3.91533 -3.91533
 -0.229642 -0.694571 -1.25871 -1.9441 -2.6545 -3.24325 -3.63519 -3.88852 -3.88852 -3.88852
 -0.202829 -0.667759 -1.2319 -1.91728 -2.62768 -3.21644 -3.60838 -3.86171 -3.86171 -3.86171
 -0.176017 -0.640946 -1.20508 -1.89047 -2.60087 -3.18963 -3.58157 -3.8349 -3.8349 -3.8349
 -0.149204 -0.614133 -1.17827 -1.86366 -2.57406 -3.16281 -3.55475 -3.80808 -3.80808 -3.80808
 -0.122391 -0.58732 -1.15146 -1.83685 -2.54724 -3.136 -3.52794 -3.78127 -3.78127 -3.78127
 -0.0955781 -0.560507 -1.12464 -1.81003 -2.52043 -3.10919 -3.50113 -3.75446 -3.75446 -3.75446
 -0.0687653 -0.533695 -1.09783 -1.78322 -2.49362 -3.08237 -3.47432 -3.72764 -3.72764 -3.72764
 -0.0419525 -0.506882 -1.07102 -1.75641 -2.46681 -3.05556 -3.4475 -3.70083 -3.70083 -3.70083
 -0.0151397 -0.480069 -1.04421 -1.7296 -2.43999 -3.02875 -3.42069 -3.67402 -3.67402 -3.67402
 0.0116731 -0.453256 -1.01739 -1.70278 -2.41318 -3.00194 -3.39388 -3.64721 -3.64721 -3.64721
 0.0384859 -0.426443 -0.99058 -1.67597 -2.38637 -2.97512 -3.36706 -3.62039 -3.62039 -3.62039
 0.0652987 -0.399631 -0.963767 -1.64916 -2.35956 -2.94831 -3.34025 -3.59358 -3.59358 -3.59358
 0.0921116 -0.372818 -0.936954 -1.62234 -2.33274 -2.9215 -3.31344 -3.56677 -3.56677 -3.56677
 0.118924 -0.346005 -0.910142 -1.59553 -2.30593 -2.89468 -3.28663 -3.53995 -3.53995 -3.53995
 0.145737 -0.319192 -0.883329 -1.56872 -2.27912 -2.86787 -3.25981 -3.51314 -3.51314 -3.51314
 0.17255 -0.292379 -0.856516 -1.54191 -2.2523 -2.84106 -3.233 -3.48633 -3.48633 -3.48633
 0.199363 -0.265566 -0.829703 -1.51509 -2.22549 -2.81425 -3.20619 -3.45952 -3.45952 -3.45952
 0.226176 -0.238754 -0.80289 -1.48828 -2.19868 -2.78743 -3.17937 -3.4327 -3.4327 -3.4327
 0.252988 -0.211941 -0.776078 -1.46147 -2.17187 -2.76062 -3.15256 -3.40589 -3.40589 -3.40589
 0.279801 -0.185128 -0.749265 -1.43465 -2.14505 -2.73381 -3.12575 -3.37908 -3.37908 -3.37908
 0.306614 -0.158315 -0.722452 -1.40784 -2.11824 -2.70699 -3.09894 -3.35226 -3.35226 -3.35226
 0.333427 -0.131502 -0.695639 -1.38103 -2.09143 -2.68018 -3.07212 -3.32545 -3.32545 -3.32545
 0.36024 -0.10469 -0.668826 -1.35422 -2.06461 -2.65337 -3.04531 -3.29864 -3.29864 -3.29864
 0.387053 -0.0778768 -0.642014 -1.3274 -2.0378 -2.62656 -3.0185 -3.27183 -3.27183 -3.27183
 0.413865 -0.051064 -0.615201 -1.30059 -2.01099 -2.59974 -2.99169 -3.24501 -3.24501 -3.24501
 0.440678 -0.0242511 -0.588388 -1.27378 -1.98418 -2.57293 -2.96487 -3.2182 -3.2182 -3.2182
 0.467491 0.00256167 -0.561575 -1.24696 -1.95736 -2.54612 -2.93806 -3.19139 -3.19139 -3.19139
 0.494304 0.0293745 -0.534762 -1.22015 -1.93055 -2.51931 -2.91125 -3.16458 -3.16458 -3.16458
 0.521117 0.0561873 -0.507949 -1.19334 -1.90374 -2.49249 -2.88443 -3.13776 -3.13776 -3.13776
 0.547929 0.0830001 -0.481137 -1.16653 -1.87692 -2.46568 -2.85762 -3.11095 -3.11095 -3.11095
 0.574742 0.109813 -0.454324 -1.13971 -1.85011 -2.43887 -2.83081 -3.08414 -3.08414 -3.08414
 0.601555 0.136626 -0.427511 -1.1129 -1.8233 -2.41205 -2.804 -3.05732 -3.05732 -3.05732
 0.628368 0.163439 -0.400698 -1.08609 -1.79649 -2.38524 -2.77718 -3.03051 -3.03051 -3.03051
 0.655181 0.190251 -0.373885 -1.05927 -1.76967 -2.35843 -2.75037 -3.0037 -3.0037 -3.0037
 0.681993 0.217064 -0.347073 -1.03246 -1.74286 -2.33162 -2.72356 -2.97689 -2.97689 -2.97689
 0.708806 0.243877 -0.32026 -1.00565 -1.71605 -2.3048 -2.69674 -2.95007 -2.95007 -2.95007
 0.735619 0.27069 -0.293447 -0.978836 -1.68923 -2.27799 -2.66993 -2.92326 -2.92326 -2.92326
 0.762432 0.297503 -0.266634 -0.952023 -1.66242 -2.25118 -2.64312 -2.89645 -2.89645 -2.89645
 0.789245 0.324315 -0.239821 -0.925211 -1.63561 -2.22436 -2.61631 -2.86963 -2.86963 -2.86963
 0.816058 0.351128 -0.213009 -0.898398 -1.6088 -2.19755 -2.58949 -2.84282 -2.84282 -2.84282
 0.84287 0.377941 -0.186196 -0.871585 -1.58198 -2.17074 -2.56268 -2.81601 -2.81601 -2.81601
 0.869683 0.404754 -0.159383 -0.844772 -1.55517 -2.14393 -2.53587 -2.7892 -2.7892 -2.7892
 0.896496 0.431567 -0.13257 -0.817959 -1.52836 -2.11711 -2.50905 -2.76238 -2.76238 -2.76238
 0.923309 0.458379 -0.105757 -0.791147 -1.50155 -2.0903 -2.48224 -2.73557 -2.73557 -2.73557
 0.950122 0.485192 -0.0789445 -0.764334 -1.47473 -2.06349 -2.45543 -2.70876 -2.70876 -2.70876
 0.976934 0.512005 -0.0521317 -0.737521 -1.44792 -2.03667 -2.42862 -2.68194 -2.68194 -2.68194
 1.00375 0.538818 -0.0253189 -0.710708 -1.42111 -2.00986 -2.4018 -2.65513 -2.65513 -2.65513
 1.03056 0.565631 0.00149396 -0.683895 -1.39429 -1.98305 -2.37499 -2.62832 -2.62832 -2.62832
