 27.6456 15.0056 16.2148 8.1682 4.71505 1.75396 1.98383 1.81355 1.17546 111.148
 40.0994 21.1954 8.66086 8.94453 4.46711 2.68808 1.08618 1.31757 1.29758 99.9085
 46.3364 31.1556 12.6836 4.97144 5.09372 2.64307 1.71618 0.739548 0.96067 90.1133
 40.9991 34.9357 17.1839 6.65549 2.58402 2.77158 1.57527 1.10476 0.51674 80.8674
 41.326 31.7268 20.679 9.74592 3.7441 1.51184 1.75327 1.06453 0.800925 72.5001
 28.9708 31.4382 17.9291 11.1449 5.20534 2.0887 0.919707 1.14765 0.753309 65.1422
 30.3673 22.303 18.3491 10.0125 6.17176 3.00184 1.30572 0.615539 0.825934 58.6285
 137.501 23.4961 13.1964 10.4024 5.63017 3.60949 1.89831 0.882142 0.446162 52.9067
 37.8444 105.214 13.49 7.23734 5.65543 3.19244 2.22534 1.25621 0.629429 47.4614
 32.6353 28.9912 60.5944 7.42354 3.94835 3.21696 1.97335 1.47575 0.89778 42.7548
 22.2503 25.2039 17.0674 34.1614 4.15082 2.29721 2.0257 1.32857 1.06685 38.8002
 20.2132 16.745 13.8322 8.90685 17.6575 2.24702 1.36341 1.29955 0.925894 35.2977
 31.5751 15.8472 10.2689 8.15684 5.21332 10.7137 1.46453 0.944076 0.959732 32.2299
 30.9339 24.1683 9.10599 5.63694 4.43872 2.95859 6.60985 0.969704 0.673911 29.4338
 19.0067 23.7944 14.0741 5.07257 3.11368 2.55379 1.84598 4.41693 0.697048 26.7419
 15.6948 14.4829 13.5067 7.62264 2.72289 1.74501 1.55944 1.21206 3.13292 24.3342
 61.2345 11.7532 7.84231 6.9452 3.88118 1.45381 1.02401 0.991228 0.83879 23.9447
 47.1957 46.8287 6.73723 4.29346 3.76917 2.19713 0.895105 0.676896 0.706677 21.96
 31.8603 35.7874 26.2319 3.59608 2.27071 2.0838 1.32673 0.582385 0.476808 20.0722
 22.9976 24.3687 20.5228 14.3678 1.95251 1.28599 1.28344 0.877256 0.41529 18.2379
 30.0289 17.3977 13.5639 10.8778 7.54485 1.07242 0.772387 0.831402 0.615892 16.5372
 23.6863 23.1407 10.1819 7.59745 6.04219 4.36316 0.671941 0.517907 0.59919 15.2086
 25.121 17.8654 12.7766 5.34893 3.95359 3.29121 2.60275 0.432862 0.362073 13.974
 33.3076 19.0842 10.0583 6.85777 2.845 2.19715 1.99588 1.69934 0.305716 12.7098
 32.6469 25.765 11.2847 5.69818 3.85344 1.66277 1.38868 1.34782 1.23132 11.566
 64.7576 25.0479 14.9002 6.23844 3.12317 2.20132 1.03142 0.923553 0.965346 11.2379
 42.5012 48.6996 13.7195 7.75902 3.21743 1.68728 1.30433 0.660792 0.642971 10.7096
 36.4649 32.0317 26.832 7.19071 4.02818 1.74877 1.00473 0.839029 0.461458 10.0036
 48.5373 27.546 17.7596 14.1608 3.75946 2.2036 1.04687 0.649104 0.587851 9.24352
 126.549 37.2546 15.9475 9.82965 7.77092 2.15003 1.36815 0.696748 0.46517 8.68143
 60.1711 94.9565 20.2824 8.24929 5.03537 4.17222 1.26745 0.872884 0.483542 8.06268
 61.3797 46.1042 54.7167 11.1682 4.50319 2.86587 2.58017 0.840839 0.624007 7.54839
 39.5967 46.8242 26.2519 29.7362 6.01576 2.53179 1.75458 1.69774 0.59737 7.1916
 32.2837 29.4558 24.9012 13.2333 14.8377 3.15293 1.46325 1.10151 1.16388 6.8267
 27.7985 24.076 15.7715 12.6467 6.65359 7.83114 1.83273 0.922923 0.75782 6.92174
 23.4039 20.9837 13.3218 8.30515 6.59714 3.63231 4.68005 1.1824 0.645951 6.72188
 13.1521 17.496 11.3093 6.81487 4.20654 3.50542 2.12309 2.9652 0.816261 6.45033
 11.8684 9.95901 9.76356 6.01131 3.58895 2.31656 2.10998 1.37775 2.08457 6.3498
 19.8307 8.8711 5.36533 4.99245 3.04338 1.90623 1.35358 1.33649 0.950931 7.17997
 16.1803 15.1347 5.05726 2.91966 2.69278 1.71315 1.16824 0.891379 0.950091 7.11046
 74.4655 12.4076 8.74011 2.79139 1.59771 1.53603 1.06139 0.77618 0.637955 7.05442
 27.1341 57.0252 7.13888 4.80462 1.52122 0.907924 0.948703 0.703408 0.554439 6.7665
 20.9763 20.987 33.7085 4.04283 2.69878 0.888787 0.573687 0.640516 0.509595 6.45698
 23.6321 15.792 11.5293 17.6104 2.09198 1.46244 0.527939 0.368288 0.446612 6.12102
 15.0018 17.8922 8.80942 6.12578 9.27042 1.15163 0.88 0.342513 0.25886 5.78035
 47.753 11.5013 10.3262 4.85914 3.34987 5.28475 0.713131 0.584429 0.245056 5.34558
 12.9877 36.337 6.50412 5.56966 2.59736 1.87015 3.21684 0.467027 0.413721 4.94296
 27.7186 9.87452 20.5021 3.49932 2.96955 1.44664 1.13617 2.10339 0.330217 4.71064
 18.7963 20.9879 5.50963 10.8959 1.84256 1.63509 0.870652 0.737231 1.47859 4.43844
 20.1999 14.4417 12.1844 3.05879 5.99784 1.05676 1.01755 0.580568 0.529088 5.07746
 28.3482 15.5194 8.38292 6.76343 1.68351 3.43944 0.657566 0.678462 0.416627 4.9259
 23.2845 21.4998 8.69788 4.477 3.57906 0.931222 2.07779 0.427984 0.478038 4.69579
