 -0.2358 -0.655526 -1.03218 -1.31941 -1.47949 -1.492 -1.35695 -1.09475 -0.743113 -0.348411
 -0.2358 -0.655526 -1.03218 -1.31941 -1.47949 -1.492 -1.35695 -1.09475 -0.743113 -0.348411
 -0.2358 -0.655526 -1.03218 -1.31941 -1.47949 -1.492 -1.35695 -1.09475 -0.743113 -0.348411
 -0.2358 -0.655526 -1.03218 -1.31941 -1.47949 -1.492 -1.35695 -1.09475 -0.743113 -0.348411
 -0.2358 -0.655526 -1.03218 -1.31941 -1.47949 -1.492 -1.35695 -1.09475 -0.743113 -0.348411
 -0.2358 -0.655526 -1.03218 -1.31941 -1.47949 -1.492 -1.35695 -1.09475 -0.743113 -0.348411
 -0.2358 -0.655526 -1.03218 -1.31941 -1.47949 -1.492 -1.35695 -1.09475 -0.743113 -0.348411
 -0.2358 -0.655526 -1.03218 -1.31941 -1.47949 -1.492 -1.35695 -1.09475 -0.743113 -0.348411
 -0.2358 -0.655526 -1.03218 -1.31941 -1.47949 -1.492 -1.35695 -1.09475 -0.743113 -0.348411
 -0.2358 -0.655526 -1.03218 -1.31941 -1.47949 -1.492 -1.35695 -1.09475 -0.743113 -0.348411
 -0.2358 -0.655526 -1.03218 -1.31941 -1.47949 -1.492 -1.35695 -1.09475 -0.743113 -0.348411
 -0.2358 -0.655526 -1.03218 -1.31941 -1.47949 -1.492 -1.35695 -1.09475 -0.743113 -0.348411
 -0.2358 -0.655526 -1.03218 -1.31941 -1.47949 -1.492 -1.35695 -1.09475 -0.743113 -0.348411
 -0.2358 -0.655526 -1.03218 -1.31941 -1.47949 -1.492 -1.35695 -1.09475 -0.743113 -0.348411
 -0.2358 -0.655526 -1.03218 -1.31941 -1.47949 -1.492 -1.35695 -1.09475 -0.743113 -0.348411
 -0.2358 -0.655526 -1.03218 -1.31941 -1.47949 -1.492 -1.35695 -1.09475 -0.743113 -0.348411
 -0.2358 -0.655526 -1.03218 -1.31941 -1.47949 -1.492 -1.35695 -1.09475 -0.743113 -0.348411
 -0.2358 -0.655526 -1.03218 -1.31941 -1.47949 -1.492 -1.35695 -1.09475 -0.743113 -0.348411
 -0.2358 -0.655526 -1.03218 -1.31941 -1.47949 -1.492 -1.35695 -1.09475 -0.743113 -0.348411
 -0.2358 -0.655526 -1.03218 -1.31941 -1.47949 -1.492 -1.35695 -1.09475 -0.743113 -0.348411
 -0.2358 -0.655526 -1.03218 -1.31941 -1.47949 -1.492 -1.35695 -1.09475 -0.743113 -0.348411
 -0.2358 -0.655526 -1.03218 -1.31941 -1.47949 -1.492 -1.35695 -1.09475 -0.743113 -0.348411
 -0.2358 -0.655526 -1.03218 -1.31941 -1.47949 -1.492 -1.35695 -1.09475 -0.743113 -0.348411
 -0.2358 -0.655526 -1.03218 -1.31941 -1.47949 -1.492 -1.35695 -1.09475 -0.743113 -0.348411
 -0.2358 -0.655526 -1.03218 -1.31941 -1.47949 -1.492 -1.35695 -1.09475 -0.743113 -0.348411
 -0.2358 -0.655526 -1.03218 -1.31941 -1.47949 -1.492 -1.35695 -1.09475 -0.743113 -0.348411
 -0.2358 -0.655526 -1.03218 -1.31941 -1.47949 -1.492 -1.35695 -1.09475 -0.743113 -0.348411
 -0.2358 -0.655526 -1.03218 -1.31941 -1.47949 -1.492 -1.35695 -1.09475 -0.743113 -0.348411
 -0.2358 -0.655526 -1.03218 -1.31941 -1.47949 -1.492 -1.35695 -1.09475 -0.743113 -0.348411
 -0.2358 -0.655526 -1.03218 -1.31941 -1.47949 -1.492 -1.35695 -1.09475 -0.743113 -0.348411
 -0.2358 -0.655526 -1.03218 -1.31941 -1.47949 -1.492 -1.35695 -1.09475 -0.743113 -0.348411
 -0.2358 -0.655526 -1.03218 -1.31941 -1.47949 -1.492 -1.35695 -1.09475 -0.743113 -0.348411
 -0.2358 -0.655526 -1.03218 -1.31941 -1.47949 -1.492 -1.35695 -1.09475 -0.743113 -0.348411
 -0.2358 -0.655526 -1.03218 -1.31941 -1.47949 -1.492 -1.35695 -1.09475 -0.743113 -0.348411
 -0.2358 -0.655526 -1.03218 -1.31941 -1.47949 -1.492 -1.35695 -1.09475 -0.743113 -0.348411
 -0.2358 -0.655526 -1.03218 -1.31941 -1.47949 -1.492 -1.35695 -1.09475 -0.743113 -0.348411
 -0.2358 -0.655526 -1.03218 -1.31941 -1.47949 -1.492 -1.35695 -1.09475 -0.743113 -0.348411
 -0.2358 -0.655526 -1.03218 -1.31941 -1.47949 -1.492 -1.35695 -1.09475 -0.743113 -0.348411
 -0.2358 -0.655526 -1.03218 -1.31941 -1.47949 -1.492 -1.35695 -1.09475 -0.743113 -0.348411
 -0.2358 -0.655526 -1.03218 -1.31941 -1.47949 -1.492 -1.35695 -1.09475 -0.743113 -0.348411
 -0.2358 -0.655526 -1.03218 -1.31941 -1.47949 -1.492 -1.35695 -1.09475 -0.743113 -0.348411
 -0.2358 -0.655526 -1.03218 -1.31941 -1.47949 -1.492 -1.35695 -1.09475 -0.743113 -0.348411
 -0.2358 -0.655526 -1.03218 -1.31941 -1.47949 -1.492 -1.35695 -1.09475 -0.743113 -0.348411
 -0.2358 -0.655526 -1.03218 -1.31941 -1.47949 -1.492 -1.35695 -1.09475 -0.743113 -0.348411
 -0.2358 -0.655526 -1.03218 -1.31941 -1.47949 -1.492 -1.35695 -1.09475 -0.743113 -0.348411
 -0.2358 -0.655526 -1.03218 -1.31941 -1.47949 -1.492 -1.35695 -1.09475 -0.743113 -0.348411
 -0.2358 -0.655526 -1.03218 -1.31941 -1.47949 -1.492 -1.35695 -1.09475 -0.743113 -0.348411
 -0.2358 -0.655526 -1.03218 -1.31941 -1.47949 -1.492 -1.35695 -1.09475 -0.743113 -0.348411
 -0.2358 -0.655526 -1.03218 -1.31941 -1.47949 -1.492 -1.35695 -1.09475 -0.743113 -0.348411
 -0.2358 -0.655526 -1.03218 -1.31941 -1.47949 -1.492 -1.35695 -1.09475 -0.743113 -0.348411
 -0.2358 -0.655526 -1.03218 -1.31941 -1.47949 -1.492 -1.35695 -1.09475 -0.743113 -0.348411
 -0.2358 -0.655526 -1.03218 -1.31941 -1.47949 -1.492 -1.35695 -1.09475 -0.743113 -0.348411
 -0.529317 -0.529317 -0.529317 -0.529317 -0.529317 -0.529317 -0.529317 -0.529317 -0.529317 -0.529317
 -0.529317 -0.529317 -0.529317 -0.529317 -0.529317 -0.529317 -0.529317 -0.529317 -0.529317 -0.529317
 -0.529317 -0.529317 -0.529317 -0.529317 -0.529317 -0.529317 -0.529317 -0.529317 -0.529317 -0.529317
 -0.529317 -0.529317 -0.529317 -0.529317 -0.529317 -0.529317 -0.529317 -0.529317 -0.529317 -0.529317
 -0.529317 -0.529317 -0.529317 -0.529317 -0.529317 -0.529317 -0.529317 -0.529317 -0.529317 -0.529317
 -0.529317 -0.529317 -0.529317 -0.529317 -0.529317 -0.529317 -0.529317 -0.529317 -0.529317 -0.529317
 -0.529317 -0.529317 -0.529317 -0.529317 -0.529317 -0.529317 -0.529317 -0.529317 -0.529317 -0.529317
 -0.529317 -0.529317 -0.529317 -0.529317 -0.529317 -0.529317 -0.529317 -0.529317 -0.529317 -0.529317
 -0.529317 -0.529317 -0.529317 -0.529317 -0.529317 -0.529317 -0.529317 -0.529317 -0.529317 -0.529317
 -0.529317 -0.529317 -0.529317 -0.529317 -0.529317 -0.529317 -0.529317 -0.529317 -0.529317 -0.529317
 -0.529317 -0.529317 -0.529317 -0.529317 -0.529317 -0.529317 -0.529317 -0.529317 -0.529317 -0.529317
 -0.529317 -0.529317 -0.529317 -0.529317 -0.529317 -0.529317 -0.529317 -0.529317 -0.529317 -0.529317
 -0.529317 -0.529317 -0.529317 -0.529317 -0.529317 -0.529317 -0.529317 -0.529317 -0.529317 -0.529317
 -0.529317 -0.529317 -0.529317 -0.529317 -0.529317 -0.529317 -0.529317 -0.529317 -0.529317 -0.529317
 -0.529317 -0.529317 -0.529317 -0.529317 -0.529317 -0.529317 -0.529317 -0.529317 -0.529317 -0.529317
 -0.529317 -0.529317 -0.529317 -0.529317 -0.529317 -0.529317 -0.529317 -0.529317 -0.529317 -0.529317
 -0.529317 -0.529317 -0.529317 -0.529317 -0.529317 -0.529317 -0.529317 -0.529317 -0.529317 -0.529317
 -0.529317 -0.529317 -0.529317 -0.529317 -0.529317 -0.529317 -0.529317 -0.529317 -0.529317 -0.529317
 -0.529317 -0.529317 -0.529317 -0.529317 -0.529317 -0.529317 -0.529317 -0.529317 -0.529317 -0.529317
 -0.529317 -0.529317 -0.529317 -0.529317 -0.529317 -0.529317 -0.529317 -0.529317 -0.529317 -0.529317
 -0.529317 -0.529317 -0.529317 -0.529317 -0.529317 -0.529317 -0.529317 -0.529317 -0.529317 -0.529317
 -0.529317 -0.529317 -0.529317 -0.529317 -0.529317 -0.529317 -0.529317 -0.529317 -0.529317 -0.529317
 -0.529317 -0.529317 -0.529317 -0.529317 -0.529317 -0.529317 -0.529317 -0.529317 -0.529317 -0.529317
 -0.529317 -0.529317 -0.529317 -0.529317 -0.529317 -0.529317 -0.529317 -0.529317 -0.529317 -0.529317
 -0.529317 -0.529317 -0.529317 -0.529317 -0.529317 -0.529317 -0.529317 -0.529317 -0.529317 -0.529317
 -0.529317 -0.529317 -0.529317 -0.529317 -0.529317 -0.529317 -0.529317 -0.529317 -0.529317 -0.529317
 -0.529317 -0.529317 -0.529317 -0.529317 -0.529317 -0.529317 -0.529317 -0.529317 -0.529317 -0.529317
 -0.529317 -0.529317 -0.529317 -0.529317 -0.529317 -0.529317 -0.529317 -0.529317 -0.529317 -0.529317
 -0.529317 -0.529317 -0.529317 -0.529317 -0.529317 -0.529317 -0.529317 -0.529317 -0.529317 -0.529317
 -0.529317 -0.529317 -0.529317 -0.529317 -0.529317 -0.529317 -0.529317 -0.529317 -0.529317 -0.529317
 -0.529317 -0.529317 -0.529317 -0.529317 -0.529317 -0.529317 -0.529317 -0.529317 -0.529317 -0.529317
 -0.529317 -0.529317 -0.529317 -0.529317 -0.529317 -0.529317 -0.529317 -0.529317 -0.529317 -0.529317
 -0.529317 -0.529317 -0.529317 -0.529317 -0.529317 -0.529317 -0.529317 -0.529317 -0.529317 -0.529317
 -0.529317 -0.529317 -0.529317 -0.529317 -0.529317 -0.529317 -0.529317 -0.529317 -0.529317 -0.529317
 -0.529317 -0.529317 -0.529317 -0.529317 -0.529317 -0.529317 -0.529317 -0.529317 -0.529317 -0.529317
 -0.529317 -0.529317 -0.529317 -0.529317 -0.529317 -0.529317 -0.529317 -0.529317 -0.529317 -0.529317
 -0.529317 -0.529317 -0.529317 -0.529317 -0.529317 -0.529317 -0.529317 -0.529317 -0.529317 -0.529317
 -0.529317 -0.529317 -0.529317 -0.529317 -0.529317 -0.529317 -0.529317 -0.529317 -0.529317 -0.529317
 -0.529317 -0.529317 -0.529317 -0.529317 -0.529317 -0.529317 -0.529317 -0.529317 -0.529317 -0.529317
 -0.529317 -0.529317 -0.529317 -0.529317 -0.529317 -0.529317 -0.529317 -0.529317 -0.529317 -0.529317
 -0.529317 -0.529317 -0.529317 -0.529317 -0.529317 -0.529317 -0.529317 -0.529317 -0.529317 -0.529317
 -0.529317 -0.529317 -0.529317 -0.529317 -0.529317 -0.529317 -0.529317 -0.529317 -0.529317 -0.529317
 -0.529317 -0.529317 -0.529317 -0.529317 -0.529317 -0.529317 -0.529317 -0.529317 -0.529317 -0.529317
 -0.529317 -0.529317 -0.529317 -0.529317 -0.529317 -0.529317 -0.529317 -0.529317 -0.529317 -0.529317
 -0.529317 -0.529317 -0.529317 -0.529317 -0.529317 -0.529317 -0.529317 -0.529317 -0.529317 -0.529317
 -0.529317 -0.529317 -0.529317 -0.529317 -0.529317 -0.529317 -0.529317 -0.529317 -0.529317 -0.529317
 -0.529317 -0.529317 -0.529317 -0.529317 -0.529317 -0.529317 -0.529317 -0.529317 -0.529317 -0.529317
 -0.529317 -0.529317 -0.529317 -0.529317 -0.529317 -0.529317 -0.529317 -0.529317 -0.529317 -0.529317
 -0.529317 -0.529317 -0.529317 -0.529317 -0.529317 -0.529317 -0.529317 -0.529317 -0.529317 -0.529317
 -0.529317 -0.529317 -0.529317 -0.529317 -0.529317 -0.529317 -0.529317 -0.529317 -0.529317 -0.529317
 -0.529317 -0.529317 -0.529317 -0.529317 -0.529317 -0.529317 -0.529317 -0.529317 -0.529317 -0.529317
 -0.529317 -0.529317 -0.529317 -0.529317 -0.529317 -0.529317 -0.529317 -0.529317 -0.529317 -0.529317
